Using pre-set license
Built from '2020.2/release' branch; Version is '2020.2.4f1 (becced5a802b) revision 12504301'; Using compiler version '192528614'; Build Type 'Release'
OS: 'Windows 10 Pro; OS build 19042.1110; Version 2009; 64bit' Language: 'en' Physical Memory: 49135 MB
BatchMode: 1, IsHumanControllingUs: 0, StartBugReporterOnCrash: 0, Is64bit: 1, IsPro: 0

 COMMAND LINE ARGUMENTS:
C:\Program Files\Unity\Hub\Editor\2020.2.4f1\Editor\Unity.exe
-adb2
-batchMode
-noUpm
-name
AssetImportWorker0
-projectPath
D:/_Titan ARX Interactive/2021_SpiritBox
-logFile
Logs/AssetImportWorker0.log
-srvPort
50183
Successfully changed project path to: D:/_Titan ARX Interactive/2021_SpiritBox
D:/_Titan ARX Interactive/2021_SpiritBox
Using Asset Import Pipeline V2.
Refreshing native plugins compatible for Editor in 73.33 ms, found 1 plugins.
Preloading 0 native plugins for Editor in 0.00 ms.
Initialize engine version: 2020.2.4f1 (becced5a802b)
[Subsystems] Discovering subsystems at path C:/Program Files/Unity/Hub/Editor/2020.2.4f1/Editor/Data/Resources/UnitySubsystems
[Subsystems] Discovering subsystems at path D:/_Titan ARX Interactive/2021_SpiritBox/Assets
GfxDevice: creating device client; threaded=0
Direct3D:
    Version:  Direct3D 11.0 [level 11.1]
    Renderer: NVIDIA GeForce RTX 2070 SUPER (ID=0x1e84)
    Vendor:   
    VRAM:     8011 MB
    Driver:   27.21.14.5671
Initialize mono
Mono path[0] = 'C:/Program Files/Unity/Hub/Editor/2020.2.4f1/Editor/Data/Managed'
Mono path[1] = 'C:/Program Files/Unity/Hub/Editor/2020.2.4f1/Editor/Data/MonoBleedingEdge/lib/mono/unityjit'
Mono config path = 'C:/Program Files/Unity/Hub/Editor/2020.2.4f1/Editor/Data/MonoBleedingEdge/etc'
Using monoOptions --debugger-agent=transport=dt_socket,embedding=1,server=y,suspend=n,address=127.0.0.1:56320
Begin MonoManager ReloadAssembly
Registering precompiled unity dll's ...
Register platform support module: C:/Program Files/Unity/Hub/Editor/2020.2.4f1/Editor/Data/PlaybackEngines/WebGLSupport/UnityEditor.WebGL.Extensions.dll
Register platform support module: C:/Program Files/Unity/Hub/Editor/2020.2.4f1/Editor/Data/PlaybackEngines/WindowsStandaloneSupport/UnityEditor.WindowsStandalone.Extensions.dll
Registered in 0.004840 seconds.
Native extension for WindowsStandalone target not found
Native extension for WebGL target not found
Refreshing native plugins compatible for Editor in 125.68 ms, found 1 plugins.
Preloading 0 native plugins for Editor in 0.00 ms.
Invoked RoslynAnalysisRunner static constructor.
RoslynAnalysisRunner will not be running.
RoslynAnalysisRunner has terminated.
Mono: successfully reloaded assembly
- Completed reload, in  5.241 seconds
Platform modules already initialized, skipping
Registering precompiled user dll's ...
Registered in 0.002470 seconds.
Begin MonoManager ReloadAssembly
Native extension for WindowsStandalone target not found
Native extension for WebGL target not found
Refreshing native plugins compatible for Editor in 90.05 ms, found 1 plugins.
Preloading 0 native plugins for Editor in 0.00 ms.
Invoked RoslynAnalysisRunner static constructor.
RoslynAnalysisRunner will not be running.
RoslynAnalysisRunner has terminated.
Mono: successfully reloaded assembly
- Completed reload, in  3.057 seconds
Platform modules already initialized, skipping
========================================================================
Worker process is ready to serve import requests
Launched and connected shader compiler UnityShaderCompiler.exe after 0.08 seconds
Refreshing native plugins compatible for Editor in 0.75 ms, found 1 plugins.
Preloading 0 native plugins for Editor in 0.00 ms.
Unloading 2300 Unused Serialized files (Serialized files now loaded: 0)
System memory in use before: 100.7 MB.
System memory in use after: 100.9 MB.

Unloading 22 unused Assets to reduce memory usage. Loaded Objects now: 2755.
Total: 3.068200 ms (FindLiveObjects: 0.355900 ms CreateObjectMapping: 0.136300 ms MarkObjects: 2.458400 ms  DeleteObjects: 0.115500 ms)

========================================================================
Received Import Request.
  path: Assets/_Custom Data/UI/pngegg (5).png
  artifactKey: Guid(5531bc35460d9c541bf4939416a3f9b0) Importer(815301076,1909f56bfc062723c751e8b465ee728b)
Start importing Assets/_Custom Data/UI/pngegg (5).png using Guid(5531bc35460d9c541bf4939416a3f9b0) Importer(815301076,1909f56bfc062723c751e8b465ee728b)  -> (artifact id: '7fe56e1dd9b55a189e7055e7e1aa82dd') in 0.162014 seconds
  Import took 0.167343 seconds .

========================================================================
Received Import Request.
  Time since last request: 124.424336 seconds.
  path: Assets/_Custom Data/Page.prefab
  artifactKey: Guid(efbb76a3abdd0ca4ca3e220ae0f0044e) Importer(815301076,1909f56bfc062723c751e8b465ee728b)
Start importing Assets/_Custom Data/Page.prefab using Guid(efbb76a3abdd0ca4ca3e220ae0f0044e) Importer(815301076,1909f56bfc062723c751e8b465ee728b)  -> (artifact id: 'c56aef447c12eab6740c1319c14d1ebd') in 0.179687 seconds
  Import took 0.186802 seconds .

========================================================================
Received Import Request.
  Time since last request: 6.907347 seconds.
  path: Assets/_Custom Data/Prefab
  artifactKey: Guid(446e6fccee108a640a8f4d99a1791414) Importer(815301076,1909f56bfc062723c751e8b465ee728b)
Start importing Assets/_Custom Data/Prefab using Guid(446e6fccee108a640a8f4d99a1791414) Importer(815301076,1909f56bfc062723c751e8b465ee728b)  -> (artifact id: 'a713e1fcb0a970fa32119a342f3d444d') in 0.012150 seconds
  Import took 0.017485 seconds .

========================================================================
Received Import Request.
  Time since last request: 20.618298 seconds.
  path: Assets/_Custom Data/Prefab/New Prefab.prefab
  artifactKey: Guid(4e220b418af59f144b0b0be9905badfd) Importer(815301076,1909f56bfc062723c751e8b465ee728b)
Start importing Assets/_Custom Data/Prefab/New Prefab.prefab using Guid(4e220b418af59f144b0b0be9905badfd) Importer(815301076,1909f56bfc062723c751e8b465ee728b)  -> (artifact id: '89e20fa007dd298ca18c55be5724df95') in 0.019748 seconds
  Import took 0.029736 seconds .

========================================================================
Received Import Request.
  Time since last request: 0.002639 seconds.
  path: Assets/_Custom Data/Prefab/New Prefab.prefab
  artifactKey: Guid(4e220b418af59f144b0b0be9905badfd) Importer(815301076,1909f56bfc062723c751e8b465ee728b)
Start importing Assets/_Custom Data/Prefab/New Prefab.prefab using Guid(4e220b418af59f144b0b0be9905badfd) Importer(815301076,1909f56bfc062723c751e8b465ee728b)  -> (artifact id: '89e20fa007dd298ca18c55be5724df95') in 0.006827 seconds
  Import took 0.011751 seconds .

========================================================================
Received Import Request.
  Time since last request: 10.104387 seconds.
  path: Assets/_Custom Data/Prefab/Page Variant.prefab
  artifactKey: Guid(aa9e317d62a1f614ab6a0faf26c1590d) Importer(815301076,1909f56bfc062723c751e8b465ee728b)
Start importing Assets/_Custom Data/Prefab/Page Variant.prefab using Guid(aa9e317d62a1f614ab6a0faf26c1590d) Importer(815301076,1909f56bfc062723c751e8b465ee728b)  -> (artifact id: '128fe409a353af520977a9deb1f06c7a') in 0.092251 seconds
  Import took 0.098288 seconds .

========================================================================
Received Import Request.
  Time since last request: 30.664174 seconds.
  path: Assets/_Custom Data/Prefab/Page Variant 1.prefab
  artifactKey: Guid(3a0cd7891d7d01c469eca06db351da49) Importer(815301076,1909f56bfc062723c751e8b465ee728b)
Start importing Assets/_Custom Data/Prefab/Page Variant 1.prefab using Guid(3a0cd7891d7d01c469eca06db351da49) Importer(815301076,1909f56bfc062723c751e8b465ee728b)  -> (artifact id: 'f2facde1b94bca8e1ef7e2a8d57de617') in 0.070596 seconds
  Import took 0.077969 seconds .

========================================================================
Received Import Request.
  Time since last request: 0.325653 seconds.
  path: Assets/_Custom Data/Prefab/Page Variant 2.prefab
  artifactKey: Guid(4b41340784d9e4949bf028fd5dbafffa) Importer(815301076,1909f56bfc062723c751e8b465ee728b)
Start importing Assets/_Custom Data/Prefab/Page Variant 2.prefab using Guid(4b41340784d9e4949bf028fd5dbafffa) Importer(815301076,1909f56bfc062723c751e8b465ee728b)  -> (artifact id: '1c98dc0cd526509ef2e07accbac1c203') in 0.063350 seconds
  Import took 0.070446 seconds .

========================================================================
Received Import Request.
  Time since last request: 0.461424 seconds.
  path: Assets/_Custom Data/Prefab/Page Variant 3.prefab
  artifactKey: Guid(c6a50083d06939547bd90eb08a9303cc) Importer(815301076,1909f56bfc062723c751e8b465ee728b)
Start importing Assets/_Custom Data/Prefab/Page Variant 3.prefab using Guid(c6a50083d06939547bd90eb08a9303cc) Importer(815301076,1909f56bfc062723c751e8b465ee728b)  -> (artifact id: '9678525a0004ed5ac15a37b36662e7a8') in 0.075213 seconds
  Import took 0.081217 seconds .

========================================================================
Received Import Request.
  Time since last request: 0.197094 seconds.
  path: Assets/_Custom Data/Prefab/Page Variant 4.prefab
  artifactKey: Guid(9bf627192d5831444bc5e28d158ca47f) Importer(815301076,1909f56bfc062723c751e8b465ee728b)
Start importing Assets/_Custom Data/Prefab/Page Variant 4.prefab using Guid(9bf627192d5831444bc5e28d158ca47f) Importer(815301076,1909f56bfc062723c751e8b465ee728b)  -> (artifact id: 'f884dcf6058226bdfe7c0f98ca962f38') in 0.067315 seconds
  Import took 0.072318 seconds .

========================================================================
Received Import Request.
  Time since last request: 6.391076 seconds.
  path: Assets/_Custom Data/Prefab/Page Variant 0.prefab
  artifactKey: Guid(aa9e317d62a1f614ab6a0faf26c1590d) Importer(815301076,1909f56bfc062723c751e8b465ee728b)
Start importing Assets/_Custom Data/Prefab/Page Variant 0.prefab using Guid(aa9e317d62a1f614ab6a0faf26c1590d) Importer(815301076,1909f56bfc062723c751e8b465ee728b)  -> (artifact id: '49735ae3e3c623be1062b62cb7cb2ab9') in 0.074655 seconds
  Import took 0.079899 seconds .

========================================================================
Received Prepare
Registering precompiled user dll's ...
Registered in 0.002203 seconds.
Begin MonoManager ReloadAssembly
Native extension for WindowsStandalone target not found
Native extension for WebGL target not found
Refreshing native plugins compatible for Editor in 0.71 ms, found 1 plugins.
Preloading 0 native plugins for Editor in 0.00 ms.
Invoked RoslynAnalysisRunner static constructor.
RoslynAnalysisRunner will not be running.
RoslynAnalysisRunner has terminated.
Mono: successfully reloaded assembly
- Completed reload, in  2.335 seconds
Platform modules already initialized, skipping
Switching build target platform(5) subTarget(0) extendedPlatform(0) -> platform(13) subTarget(537395200) extendedPlatform(0)
Refreshing native plugins compatible for Editor in 0.69 ms, found 1 plugins.
Preloading 0 native plugins for Editor in 0.00 ms.
Unloading 2278 Unused Serialized files (Serialized files now loaded: 0)
System memory in use before: 102.2 MB.
System memory in use after: 102.4 MB.

Unloading 10 unused Assets to reduce memory usage. Loaded Objects now: 2764.
Total: 3.073600 ms (FindLiveObjects: 0.483200 ms CreateObjectMapping: 0.208800 ms MarkObjects: 2.356800 ms  DeleteObjects: 0.022800 ms)

AssetImportParameters requested are different than current active one (requested -> active):
  custom:graphics/normal-map-encoding: 01000000000000000000000000000000 -> 02000000000000000000000000000000
========================================================================
Received Import Request.
  Time since last request: 216.612574 seconds.
  path: Assets/_Custom Data/Prefab/Page Variant 1.prefab
  artifactKey: Guid(3a0cd7891d7d01c469eca06db351da49) Importer(815301076,1909f56bfc062723c751e8b465ee728b)
Start importing Assets/_Custom Data/Prefab/Page Variant 1.prefab using Guid(3a0cd7891d7d01c469eca06db351da49) Importer(815301076,1909f56bfc062723c751e8b465ee728b)  -> (artifact id: '648b81532798b7129473075f4cda7d1c') in 0.160749 seconds
  Import took 0.167657 seconds .

========================================================================
Received Import Request.
  Time since last request: 151.918193 seconds.
  path: Assets/_Custom Data/Prefab/Page Variant 3.prefab
  artifactKey: Guid(c6a50083d06939547bd90eb08a9303cc) Importer(815301076,1909f56bfc062723c751e8b465ee728b)
Start importing Assets/_Custom Data/Prefab/Page Variant 3.prefab using Guid(c6a50083d06939547bd90eb08a9303cc) Importer(815301076,1909f56bfc062723c751e8b465ee728b)  -> (artifact id: '22019b66eff4a938318d6cde79641d3d') in 0.057811 seconds
  Import took 0.063995 seconds .

========================================================================
Received Prepare
Registering precompiled user dll's ...
Registered in 0.002270 seconds.
Begin MonoManager ReloadAssembly
Native extension for WindowsStandalone target not found
Native extension for WebGL target not found
Refreshing native plugins compatible for Editor in 0.69 ms, found 1 plugins.
Preloading 0 native plugins for Editor in 0.00 ms.
Invoked RoslynAnalysisRunner static constructor.
RoslynAnalysisRunner will not be running.
RoslynAnalysisRunner has terminated.
Mono: successfully reloaded assembly
- Completed reload, in  2.507 seconds
Platform modules already initialized, skipping
Switching build target platform(5) subTarget(0) extendedPlatform(0) -> platform(13) subTarget(537395200) extendedPlatform(0)
Refreshing native plugins compatible for Editor in 0.84 ms, found 1 plugins.
Preloading 0 native plugins for Editor in 0.00 ms.
Unloading 2278 Unused Serialized files (Serialized files now loaded: 0)
System memory in use before: 102.2 MB.
System memory in use after: 102.4 MB.

Unloading 10 unused Assets to reduce memory usage. Loaded Objects now: 2767.
Total: 3.488200 ms (FindLiveObjects: 0.612200 ms CreateObjectMapping: 0.144600 ms MarkObjects: 2.708200 ms  DeleteObjects: 0.021000 ms)

AssetImportParameters requested are different than current active one (requested -> active):
  custom:graphics/normal-map-encoding: 01000000000000000000000000000000 -> 02000000000000000000000000000000
========================================================================
Received Import Request.
  Time since last request: 37.617510 seconds.
  path: Assets/_Custom Data/Prefab/Page Variant 2.prefab
  artifactKey: Guid(4b41340784d9e4949bf028fd5dbafffa) Importer(815301076,1909f56bfc062723c751e8b465ee728b)
Start importing Assets/_Custom Data/Prefab/Page Variant 2.prefab using Guid(4b41340784d9e4949bf028fd5dbafffa) Importer(815301076,1909f56bfc062723c751e8b465ee728b)  -> (artifact id: '5e1de019772b6ec940646d89b8c46be5') in 0.169269 seconds
  Import took 0.217711 seconds .

========================================================================
Received Import Request.
  Time since last request: 70.170852 seconds.
  path: Assets/_Custom Data/Prefab/Page Variant 4.prefab
  artifactKey: Guid(9bf627192d5831444bc5e28d158ca47f) Importer(815301076,1909f56bfc062723c751e8b465ee728b)
Start importing Assets/_Custom Data/Prefab/Page Variant 4.prefab using Guid(9bf627192d5831444bc5e28d158ca47f) Importer(815301076,1909f56bfc062723c751e8b465ee728b)  -> (artifact id: '05e99b3c97f84eb6cab5527436a64172') in 0.057558 seconds
  Import took 0.063528 seconds .

========================================================================
Received Import Request.
  Time since last request: 25.805569 seconds.
  path: Assets/_Custom Data/Prefab/Page Variant 3.prefab
  artifactKey: Guid(c6a50083d06939547bd90eb08a9303cc) Importer(815301076,1909f56bfc062723c751e8b465ee728b)
Start importing Assets/_Custom Data/Prefab/Page Variant 3.prefab using Guid(c6a50083d06939547bd90eb08a9303cc) Importer(815301076,1909f56bfc062723c751e8b465ee728b)  -> (artifact id: 'ca51700dad0c32a10d22ae9fb13d44a6') in 0.055507 seconds
  Import took 0.061811 seconds .

========================================================================
Received Import Request.
  Time since last request: 9.084080 seconds.
  path: Assets/_Custom Data/Prefab/Page Variant 2.prefab
  artifactKey: Guid(4b41340784d9e4949bf028fd5dbafffa) Importer(815301076,1909f56bfc062723c751e8b465ee728b)
Start importing Assets/_Custom Data/Prefab/Page Variant 2.prefab using Guid(4b41340784d9e4949bf028fd5dbafffa) Importer(815301076,1909f56bfc062723c751e8b465ee728b)  -> (artifact id: 'eeec4fe9c4c7e5821909b2d22358e24b') in 0.076921 seconds
  Import took 0.082702 seconds .

========================================================================
Received Import Request.
  Time since last request: 33.756928 seconds.
  path: Assets/_Custom Data/Prefab/Page Variant 2.prefab
  artifactKey: Guid(4b41340784d9e4949bf028fd5dbafffa) Importer(815301076,1909f56bfc062723c751e8b465ee728b)
Start importing Assets/_Custom Data/Prefab/Page Variant 2.prefab using Guid(4b41340784d9e4949bf028fd5dbafffa) Importer(815301076,1909f56bfc062723c751e8b465ee728b)  -> (artifact id: '497c0d094025c644208ddd09f8b5bc65') in 0.079323 seconds
  Import took 0.085033 seconds .

========================================================================
Received Import Request.
  Time since last request: 14.295587 seconds.
  path: Assets/_Custom Data/Prefab/Page Variant 2.prefab
  artifactKey: Guid(4b41340784d9e4949bf028fd5dbafffa) Importer(815301076,1909f56bfc062723c751e8b465ee728b)
Start importing Assets/_Custom Data/Prefab/Page Variant 2.prefab using Guid(4b41340784d9e4949bf028fd5dbafffa) Importer(815301076,1909f56bfc062723c751e8b465ee728b)  -> (artifact id: 'de99afa4ea0e73b86ad146dbb7eabb9f') in 0.061484 seconds
  Import took 0.068714 seconds .

========================================================================
Received Import Request.
  Time since last request: 23.998153 seconds.
  path: Assets/_Custom Data/Prefab/Page Variant 1.prefab
  artifactKey: Guid(3a0cd7891d7d01c469eca06db351da49) Importer(815301076,1909f56bfc062723c751e8b465ee728b)
Start importing Assets/_Custom Data/Prefab/Page Variant 1.prefab using Guid(3a0cd7891d7d01c469eca06db351da49) Importer(815301076,1909f56bfc062723c751e8b465ee728b)  -> (artifact id: '181dfd8cdcb56bfc54f74a779ef2e278') in 0.094339 seconds
  Import took 0.099748 seconds .

========================================================================
Received Import Request.
  Time since last request: 19.877216 seconds.
  path: Assets/_Custom Data/Prefab/Page Variant 0.prefab
  artifactKey: Guid(aa9e317d62a1f614ab6a0faf26c1590d) Importer(815301076,1909f56bfc062723c751e8b465ee728b)
Start importing Assets/_Custom Data/Prefab/Page Variant 0.prefab using Guid(aa9e317d62a1f614ab6a0faf26c1590d) Importer(815301076,1909f56bfc062723c751e8b465ee728b)  -> (artifact id: '80ddb407f7a4d2750e03966b7a1a37eb') in 0.078626 seconds
  Import took 0.085736 seconds .

========================================================================
Received Import Request.
  Time since last request: 101.776804 seconds.
  path: Assets/_Custom Data/Prefab/Page Variant 4.prefab
  artifactKey: Guid(9bf627192d5831444bc5e28d158ca47f) Importer(815301076,1909f56bfc062723c751e8b465ee728b)
Start importing Assets/_Custom Data/Prefab/Page Variant 4.prefab using Guid(9bf627192d5831444bc5e28d158ca47f) Importer(815301076,1909f56bfc062723c751e8b465ee728b)  -> (artifact id: '1aa3b55a47940605930d14ba64557df1') in 0.141111 seconds
  Import took 0.170191 seconds .

========================================================================
Received Import Request.
  Time since last request: 134.222398 seconds.
  path: Assets/_Custom Data/Prefab/Page Variant 1.prefab
  artifactKey: Guid(3a0cd7891d7d01c469eca06db351da49) Importer(815301076,1909f56bfc062723c751e8b465ee728b)
Start importing Assets/_Custom Data/Prefab/Page Variant 1.prefab using Guid(3a0cd7891d7d01c469eca06db351da49) Importer(815301076,1909f56bfc062723c751e8b465ee728b)  -> (artifact id: '9b28345f6af3c30809a4c2bf5fa3d447') in 0.140081 seconds
  Import took 0.169712 seconds .

========================================================================
Received Import Request.
  Time since last request: 11.830564 seconds.
  path: Assets/_Custom Data/Prefab/Page Variant 2.prefab
  artifactKey: Guid(4b41340784d9e4949bf028fd5dbafffa) Importer(815301076,1909f56bfc062723c751e8b465ee728b)
Start importing Assets/_Custom Data/Prefab/Page Variant 2.prefab using Guid(4b41340784d9e4949bf028fd5dbafffa) Importer(815301076,1909f56bfc062723c751e8b465ee728b)  -> (artifact id: '8605f915f677d550b3083b31fde17b4c') in 0.109661 seconds
  Import took 0.115429 seconds .

========================================================================
Received Import Request.
  Time since last request: 14.226045 seconds.
  path: Assets/_Custom Data/Prefab/Page Variant 3.prefab
  artifactKey: Guid(c6a50083d06939547bd90eb08a9303cc) Importer(815301076,1909f56bfc062723c751e8b465ee728b)
Start importing Assets/_Custom Data/Prefab/Page Variant 3.prefab using Guid(c6a50083d06939547bd90eb08a9303cc) Importer(815301076,1909f56bfc062723c751e8b465ee728b)  -> (artifact id: 'ab4dad112d92ed786b0d63a651899f92') in 0.200791 seconds
  Import took 0.208727 seconds .

========================================================================
Received Import Request.
  Time since last request: 10.240699 seconds.
  path: Assets/_Custom Data/Prefab/Page Variant 4.prefab
  artifactKey: Guid(9bf627192d5831444bc5e28d158ca47f) Importer(815301076,1909f56bfc062723c751e8b465ee728b)
Start importing Assets/_Custom Data/Prefab/Page Variant 4.prefab using Guid(9bf627192d5831444bc5e28d158ca47f) Importer(815301076,1909f56bfc062723c751e8b465ee728b)  -> (artifact id: '1de4476d531576271bcda9e977b70b3e') in 0.146576 seconds
  Import took 0.181102 seconds .

========================================================================
Received Prepare
Registering precompiled user dll's ...
Registered in 0.002343 seconds.
Begin MonoManager ReloadAssembly
Native extension for WindowsStandalone target not found
Native extension for WebGL target not found
Refreshing native plugins compatible for Editor in 0.75 ms, found 1 plugins.
Preloading 0 native plugins for Editor in 0.00 ms.
Invoked RoslynAnalysisRunner static constructor.
RoslynAnalysisRunner will not be running.
RoslynAnalysisRunner has terminated.
Mono: successfully reloaded assembly
- Completed reload, in  3.338 seconds
Platform modules already initialized, skipping
Switching build target platform(5) subTarget(0) extendedPlatform(0) -> platform(13) subTarget(537395200) extendedPlatform(0)
Refreshing native plugins compatible for Editor in 0.92 ms, found 1 plugins.
Preloading 0 native plugins for Editor in 0.00 ms.
Unloading 2278 Unused Serialized files (Serialized files now loaded: 0)
System memory in use before: 102.7 MB.
System memory in use after: 102.9 MB.

Unloading 10 unused Assets to reduce memory usage. Loaded Objects now: 2770.
Total: 6.456000 ms (FindLiveObjects: 0.373900 ms CreateObjectMapping: 0.146300 ms MarkObjects: 5.899800 ms  DeleteObjects: 0.033100 ms)

AssetImportParameters requested are different than current active one (requested -> active):
  custom:graphics/normal-map-encoding: 01000000000000000000000000000000 -> 02000000000000000000000000000000
========================================================================
Received Import Request.
  Time since last request: 53.739529 seconds.
  path: Assets/_Custom Data/Prefab/Page Variant 0.prefab
  artifactKey: Guid(aa9e317d62a1f614ab6a0faf26c1590d) Importer(815301076,1909f56bfc062723c751e8b465ee728b)
Start importing Assets/_Custom Data/Prefab/Page Variant 0.prefab using Guid(aa9e317d62a1f614ab6a0faf26c1590d) Importer(815301076,1909f56bfc062723c751e8b465ee728b)  -> (artifact id: '221ed2268a03a1c0b198e6e6315f74a2') in 0.221192 seconds
  Import took 0.229050 seconds .

========================================================================
Received Import Request.
  Time since last request: 71.739268 seconds.
  path: Assets/_Custom Data/Prefab/Page Variant 1.prefab
  artifactKey: Guid(3a0cd7891d7d01c469eca06db351da49) Importer(815301076,1909f56bfc062723c751e8b465ee728b)
Start importing Assets/_Custom Data/Prefab/Page Variant 1.prefab using Guid(3a0cd7891d7d01c469eca06db351da49) Importer(815301076,1909f56bfc062723c751e8b465ee728b)  -> (artifact id: 'e6e3bbcec1707521652fad1fc83ca218') in 0.213750 seconds
  Import took 0.237171 seconds .

========================================================================
Received Import Request.
  Time since last request: 0.695351 seconds.
  path: Assets/_Custom Data/Prefab/Page Variant 2.prefab
  artifactKey: Guid(4b41340784d9e4949bf028fd5dbafffa) Importer(815301076,1909f56bfc062723c751e8b465ee728b)
Start importing Assets/_Custom Data/Prefab/Page Variant 2.prefab using Guid(4b41340784d9e4949bf028fd5dbafffa) Importer(815301076,1909f56bfc062723c751e8b465ee728b)  -> (artifact id: '78560be57e5955f3db652d3097e19165') in 0.165998 seconds
  Import took 0.187373 seconds .

========================================================================
Received Prepare
Registering precompiled user dll's ...
Registered in 0.002280 seconds.
Begin MonoManager ReloadAssembly
Native extension for WindowsStandalone target not found
Native extension for WebGL target not found
Refreshing native plugins compatible for Editor in 0.72 ms, found 1 plugins.
Preloading 0 native plugins for Editor in 0.00 ms.
Invoked RoslynAnalysisRunner static constructor.
RoslynAnalysisRunner will not be running.
RoslynAnalysisRunner has terminated.
Mono: successfully reloaded assembly
- Completed reload, in  2.709 seconds
Platform modules already initialized, skipping
Switching build target platform(5) subTarget(0) extendedPlatform(0) -> platform(13) subTarget(537395200) extendedPlatform(0)
Refreshing native plugins compatible for Editor in 0.72 ms, found 1 plugins.
Preloading 0 native plugins for Editor in 0.00 ms.
Unloading 2278 Unused Serialized files (Serialized files now loaded: 0)
System memory in use before: 102.7 MB.
System memory in use after: 102.9 MB.

Unloading 10 unused Assets to reduce memory usage. Loaded Objects now: 2773.
Total: 3.135400 ms (FindLiveObjects: 0.336900 ms CreateObjectMapping: 0.139600 ms MarkObjects: 2.629400 ms  DeleteObjects: 0.027400 ms)

AssetImportParameters requested are different than current active one (requested -> active):
  custom:graphics/normal-map-encoding: 01000000000000000000000000000000 -> 02000000000000000000000000000000
========================================================================
Received Import Request.
  Time since last request: 60.588633 seconds.
  path: Assets/_Custom Data/Prefab/Page Variant 3.prefab
  artifactKey: Guid(c6a50083d06939547bd90eb08a9303cc) Importer(815301076,1909f56bfc062723c751e8b465ee728b)
Start importing Assets/_Custom Data/Prefab/Page Variant 3.prefab using Guid(c6a50083d06939547bd90eb08a9303cc) Importer(815301076,1909f56bfc062723c751e8b465ee728b)  -> (artifact id: 'c397dfc614606e864d2d26ee7c623b5f') in 0.191973 seconds
  Import took 0.260103 seconds .

========================================================================
Received Import Request.
  Time since last request: 22.542042 seconds.
  path: Assets/_Custom Data/Prefab/Page Variant 4.prefab
  artifactKey: Guid(9bf627192d5831444bc5e28d158ca47f) Importer(815301076,1909f56bfc062723c751e8b465ee728b)
Start importing Assets/_Custom Data/Prefab/Page Variant 4.prefab using Guid(9bf627192d5831444bc5e28d158ca47f) Importer(815301076,1909f56bfc062723c751e8b465ee728b)  -> (artifact id: '37e17d3273871cd7d3e993ae83ac9f2c') in 0.087154 seconds
  Import took 0.093859 seconds .

========================================================================
Received Prepare
Registering precompiled user dll's ...
Registered in 0.002561 seconds.
Begin MonoManager ReloadAssembly
Native extension for WindowsStandalone target not found
Native extension for WebGL target not found
Refreshing native plugins compatible for Editor in 0.83 ms, found 1 plugins.
Preloading 0 native plugins for Editor in 0.00 ms.
Invoked RoslynAnalysisRunner static constructor.
RoslynAnalysisRunner will not be running.
RoslynAnalysisRunner has terminated.
Mono: successfully reloaded assembly
- Completed reload, in  2.994 seconds
Platform modules already initialized, skipping
Switching build target platform(5) subTarget(0) extendedPlatform(0) -> platform(13) subTarget(537395200) extendedPlatform(0)
Refreshing native plugins compatible for Editor in 0.81 ms, found 1 plugins.
Preloading 0 native plugins for Editor in 0.00 ms.
Unloading 2278 Unused Serialized files (Serialized files now loaded: 0)
System memory in use before: 102.6 MB.
System memory in use after: 102.8 MB.

Unloading 10 unused Assets to reduce memory usage. Loaded Objects now: 2776.
Total: 4.065200 ms (FindLiveObjects: 1.154900 ms CreateObjectMapping: 0.162100 ms MarkObjects: 2.723100 ms  DeleteObjects: 0.023200 ms)

AssetImportParameters requested are different than current active one (requested -> active):
  custom:graphics/normal-map-encoding: 01000000000000000000000000000000 -> 02000000000000000000000000000000
========================================================================
Received Prepare
Registering precompiled user dll's ...
Registered in 0.002289 seconds.
Begin MonoManager ReloadAssembly
Native extension for WindowsStandalone target not found
Native extension for WebGL target not found
Refreshing native plugins compatible for Editor in 0.74 ms, found 1 plugins.
Preloading 0 native plugins for Editor in 0.00 ms.
Invoked RoslynAnalysisRunner static constructor.
RoslynAnalysisRunner will not be running.
RoslynAnalysisRunner has terminated.
Mono: successfully reloaded assembly
- Completed reload, in  2.806 seconds
Platform modules already initialized, skipping
Switching build target platform(5) subTarget(0) extendedPlatform(0) -> platform(13) subTarget(537395200) extendedPlatform(0)
Refreshing native plugins compatible for Editor in 0.78 ms, found 1 plugins.
Preloading 0 native plugins for Editor in 0.00 ms.
Unloading 2278 Unused Serialized files (Serialized files now loaded: 0)
System memory in use before: 102.7 MB.
System memory in use after: 102.9 MB.

Unloading 10 unused Assets to reduce memory usage. Loaded Objects now: 2779.
Total: 4.194200 ms (FindLiveObjects: 0.371500 ms CreateObjectMapping: 0.152100 ms MarkObjects: 3.640000 ms  DeleteObjects: 0.027900 ms)

AssetImportParameters requested are different than current active one (requested -> active):
  custom:graphics/normal-map-encoding: 01000000000000000000000000000000 -> 02000000000000000000000000000000
========================================================================
Received Prepare
Registering precompiled user dll's ...
Registered in 0.002565 seconds.
Begin MonoManager ReloadAssembly
Native extension for WindowsStandalone target not found
Native extension for WebGL target not found
Refreshing native plugins compatible for Editor in 0.70 ms, found 1 plugins.
Preloading 0 native plugins for Editor in 0.00 ms.
Invoked RoslynAnalysisRunner static constructor.
RoslynAnalysisRunner will not be running.
RoslynAnalysisRunner has terminated.
Mono: successfully reloaded assembly
- Completed reload, in  2.475 seconds
Platform modules already initialized, skipping
Switching build target platform(5) subTarget(0) extendedPlatform(0) -> platform(13) subTarget(537395200) extendedPlatform(0)
Refreshing native plugins compatible for Editor in 0.85 ms, found 1 plugins.
Preloading 0 native plugins for Editor in 0.00 ms.
Unloading 2278 Unused Serialized files (Serialized files now loaded: 0)
System memory in use before: 102.7 MB.
System memory in use after: 102.9 MB.

Unloading 10 unused Assets to reduce memory usage. Loaded Objects now: 2782.
Total: 3.156100 ms (FindLiveObjects: 0.318300 ms CreateObjectMapping: 0.142900 ms MarkObjects: 2.664800 ms  DeleteObjects: 0.028000 ms)

AssetImportParameters requested are different than current active one (requested -> active):
  custom:graphics/normal-map-encoding: 01000000000000000000000000000000 -> 02000000000000000000000000000000
========================================================================
Received Import Request.
  Time since last request: 317.592630 seconds.
  path: Assets/_Custom Data/Data Objects/Global Audio Mute.asset
  artifactKey: Guid(ce24a2a4bfa8c7f4bbf1a5ba65e42da9) Importer(815301076,1909f56bfc062723c751e8b465ee728b)
Start importing Assets/_Custom Data/Data Objects/Global Audio Mute.asset using Guid(ce24a2a4bfa8c7f4bbf1a5ba65e42da9) Importer(815301076,1909f56bfc062723c751e8b465ee728b)  -> (artifact id: '1f8af6a7aa4e9467e774f899b1a5e8c2') in 0.039253 seconds
  Import took 0.044731 seconds .

========================================================================
Received Import Request.
  Time since last request: 5.902768 seconds.
  path: Assets/_Custom Data/63318__flag2__page-turn-please-turn-over-pto-paper-turn-over.wav
  artifactKey: Guid(71241b988fb22734790b2462b197c219) Importer(815301076,1909f56bfc062723c751e8b465ee728b)
Start importing Assets/_Custom Data/63318__flag2__page-turn-please-turn-over-pto-paper-turn-over.wav using Guid(71241b988fb22734790b2462b197c219) Importer(815301076,1909f56bfc062723c751e8b465ee728b)  -> (artifact id: '5e9edf41973059c0fcc6b2dc62fb7cef') in 0.270519 seconds
  Import took 0.276648 seconds .

========================================================================
Received Import Request.
  Time since last request: 0.188137 seconds.
  path: Assets/_Custom Data/353550__nicksta18__evil-laugh-1.mp3
  artifactKey: Guid(942368f3f63cf47408dc9945863a9c18) Importer(815301076,1909f56bfc062723c751e8b465ee728b)
Start importing Assets/_Custom Data/353550__nicksta18__evil-laugh-1.mp3 using Guid(942368f3f63cf47408dc9945863a9c18) Importer(815301076,1909f56bfc062723c751e8b465ee728b)  -> (artifact id: '8191794dd8f954f9bb34058703d28916') in 0.026020 seconds
  Import took 0.031175 seconds .

========================================================================
Received Prepare
Registering precompiled user dll's ...
Registered in 0.002607 seconds.
Begin MonoManager ReloadAssembly
Native extension for WindowsStandalone target not found
Native extension for WebGL target not found
Refreshing native plugins compatible for Editor in 0.74 ms, found 1 plugins.
Preloading 0 native plugins for Editor in 0.00 ms.
Invoked RoslynAnalysisRunner static constructor.
RoslynAnalysisRunner will not be running.
RoslynAnalysisRunner has terminated.
Mono: successfully reloaded assembly
- Completed reload, in  2.932 seconds
Platform modules already initialized, skipping
Switching build target platform(5) subTarget(0) extendedPlatform(0) -> platform(13) subTarget(537395200) extendedPlatform(0)
Refreshing native plugins compatible for Editor in 0.78 ms, found 1 plugins.
Preloading 0 native plugins for Editor in 0.00 ms.
Unloading 2278 Unused Serialized files (Serialized files now loaded: 0)
System memory in use before: 102.8 MB.
System memory in use after: 103.0 MB.

Unloading 10 unused Assets to reduce memory usage. Loaded Objects now: 2792.
Total: 3.439700 ms (FindLiveObjects: 0.364500 ms CreateObjectMapping: 0.145200 ms MarkObjects: 2.896400 ms  DeleteObjects: 0.031200 ms)

AssetImportParameters requested are different than current active one (requested -> active):
  custom:graphics/normal-map-encoding: 01000000000000000000000000000000 -> 02000000000000000000000000000000
========================================================================
Received Import Request.
  Time since last request: 476.503787 seconds.
  path: Assets/_Custom Data/Prefab/Page.prefab
  artifactKey: Guid(efbb76a3abdd0ca4ca3e220ae0f0044e) Importer(815301076,1909f56bfc062723c751e8b465ee728b)
Start importing Assets/_Custom Data/Prefab/Page.prefab using Guid(efbb76a3abdd0ca4ca3e220ae0f0044e) Importer(815301076,1909f56bfc062723c751e8b465ee728b)  -> (artifact id: '87bf7b9e409fbb29d8eb924e81a994b9') in 0.180078 seconds
  Import took 0.186546 seconds .

========================================================================
Received Import Request.
  Time since last request: 65.422298 seconds.
  path: Assets/_Custom Data/Prefab/Page.prefab
  artifactKey: Guid(efbb76a3abdd0ca4ca3e220ae0f0044e) Importer(815301076,1909f56bfc062723c751e8b465ee728b)
Start importing Assets/_Custom Data/Prefab/Page.prefab using Guid(efbb76a3abdd0ca4ca3e220ae0f0044e) Importer(815301076,1909f56bfc062723c751e8b465ee728b)  -> (artifact id: 'f3be2a3cd13215ed30554ac0fa48ab22') in 0.078782 seconds
  Import took 0.087851 seconds .

========================================================================
Received Prepare
Registering precompiled user dll's ...
Registered in 0.002155 seconds.
Begin MonoManager ReloadAssembly
Native extension for WindowsStandalone target not found
Native extension for WebGL target not found
Refreshing native plugins compatible for Editor in 0.93 ms, found 1 plugins.
Preloading 0 native plugins for Editor in 0.00 ms.
Invoked RoslynAnalysisRunner static constructor.
RoslynAnalysisRunner will not be running.
RoslynAnalysisRunner has terminated.
Mono: successfully reloaded assembly
- Completed reload, in  2.572 seconds
Platform modules already initialized, skipping
Switching build target platform(5) subTarget(0) extendedPlatform(0) -> platform(13) subTarget(537395200) extendedPlatform(0)
Refreshing native plugins compatible for Editor in 0.69 ms, found 1 plugins.
Preloading 0 native plugins for Editor in 0.00 ms.
Unloading 2278 Unused Serialized files (Serialized files now loaded: 0)
System memory in use before: 102.8 MB.
System memory in use after: 103.0 MB.

Unloading 11 unused Assets to reduce memory usage. Loaded Objects now: 2795.
Total: 2.870700 ms (FindLiveObjects: 0.327700 ms CreateObjectMapping: 0.137900 ms MarkObjects: 2.372300 ms  DeleteObjects: 0.031000 ms)

AssetImportParameters requested are different than current active one (requested -> active):
  custom:graphics/normal-map-encoding: 01000000000000000000000000000000 -> 02000000000000000000000000000000
========================================================================
Received Import Request.
  Time since last request: 138.701284 seconds.
  path: Assets/_Custom Data/Prefab/Page.prefab
  artifactKey: Guid(efbb76a3abdd0ca4ca3e220ae0f0044e) Importer(815301076,1909f56bfc062723c751e8b465ee728b)
Start importing Assets/_Custom Data/Prefab/Page.prefab using Guid(efbb76a3abdd0ca4ca3e220ae0f0044e) Importer(815301076,1909f56bfc062723c751e8b465ee728b)  -> (artifact id: 'b1af7116f472331d54f22eebe1c02cec') in 0.202130 seconds
  Import took 0.470483 seconds .

========================================================================
Received Prepare
Registering precompiled user dll's ...
Registered in 0.003422 seconds.
Begin MonoManager ReloadAssembly
Native extension for WindowsStandalone target not found
Native extension for WebGL target not found
Refreshing native plugins compatible for Editor in 0.91 ms, found 1 plugins.
Preloading 0 native plugins for Editor in 0.00 ms.
Invoked RoslynAnalysisRunner static constructor.
RoslynAnalysisRunner will not be running.
RoslynAnalysisRunner has terminated.
Mono: successfully reloaded assembly
- Completed reload, in  2.601 seconds
Platform modules already initialized, skipping
Switching build target platform(5) subTarget(0) extendedPlatform(0) -> platform(13) subTarget(537395200) extendedPlatform(0)
Refreshing native plugins compatible for Editor in 0.76 ms, found 1 plugins.
Preloading 0 native plugins for Editor in 0.00 ms.
Unloading 2278 Unused Serialized files (Serialized files now loaded: 0)
System memory in use before: 102.7 MB.
System memory in use after: 102.9 MB.

Unloading 11 unused Assets to reduce memory usage. Loaded Objects now: 2798.
Total: 21.686200 ms (FindLiveObjects: 0.482000 ms CreateObjectMapping: 0.170400 ms MarkObjects: 20.996200 ms  DeleteObjects: 0.035500 ms)

AssetImportParameters requested are different than current active one (requested -> active):
  custom:graphics/normal-map-encoding: 01000000000000000000000000000000 -> 02000000000000000000000000000000
========================================================================
Received Prepare
Registering precompiled user dll's ...
Registered in 0.002082 seconds.
Begin MonoManager ReloadAssembly
Native extension for WindowsStandalone target not found
Native extension for WebGL target not found
Refreshing native plugins compatible for Editor in 1.07 ms, found 1 plugins.
Preloading 0 native plugins for Editor in 0.00 ms.
Invoked RoslynAnalysisRunner static constructor.
RoslynAnalysisRunner will not be running.
RoslynAnalysisRunner has terminated.
Mono: successfully reloaded assembly
- Completed reload, in  2.859 seconds
Platform modules already initialized, skipping
Switching build target platform(5) subTarget(0) extendedPlatform(0) -> platform(13) subTarget(537395200) extendedPlatform(0)
Refreshing native plugins compatible for Editor in 0.70 ms, found 1 plugins.
Preloading 0 native plugins for Editor in 0.00 ms.
Unloading 2278 Unused Serialized files (Serialized files now loaded: 0)
System memory in use before: 102.8 MB.
System memory in use after: 103.0 MB.

Unloading 10 unused Assets to reduce memory usage. Loaded Objects now: 2801.
Total: 3.364800 ms (FindLiveObjects: 0.352500 ms CreateObjectMapping: 0.145600 ms MarkObjects: 2.831000 ms  DeleteObjects: 0.033700 ms)

AssetImportParameters requested are different than current active one (requested -> active):
  custom:graphics/normal-map-encoding: 01000000000000000000000000000000 -> 02000000000000000000000000000000
========================================================================
Received Prepare
Registering precompiled user dll's ...
Registered in 0.002203 seconds.
Begin MonoManager ReloadAssembly
Native extension for WindowsStandalone target not found
Native extension for WebGL target not found
Refreshing native plugins compatible for Editor in 0.73 ms, found 1 plugins.
Preloading 0 native plugins for Editor in 0.00 ms.
Invoked RoslynAnalysisRunner static constructor.
RoslynAnalysisRunner will not be running.
RoslynAnalysisRunner has terminated.
Mono: successfully reloaded assembly
- Completed reload, in  2.677 seconds
Platform modules already initialized, skipping
Switching build target platform(5) subTarget(0) extendedPlatform(0) -> platform(13) subTarget(537395200) extendedPlatform(0)
Refreshing native plugins compatible for Editor in 0.69 ms, found 1 plugins.
Preloading 0 native plugins for Editor in 0.00 ms.
Unloading 2278 Unused Serialized files (Serialized files now loaded: 0)
System memory in use before: 102.8 MB.
System memory in use after: 103.0 MB.

Unloading 10 unused Assets to reduce memory usage. Loaded Objects now: 2804.
Total: 3.905100 ms (FindLiveObjects: 0.345900 ms CreateObjectMapping: 0.149400 ms MarkObjects: 3.377300 ms  DeleteObjects: 0.030400 ms)

AssetImportParameters requested are different than current active one (requested -> active):
  custom:graphics/normal-map-encoding: 01000000000000000000000000000000 -> 02000000000000000000000000000000
========================================================================
Received Import Request.
  Time since last request: 166.839736 seconds.
  path: Assets/_Custom Data/Prefab/Page Variant 2.prefab
  artifactKey: Guid(4b41340784d9e4949bf028fd5dbafffa) Importer(815301076,1909f56bfc062723c751e8b465ee728b)
Start importing Assets/_Custom Data/Prefab/Page Variant 2.prefab using Guid(4b41340784d9e4949bf028fd5dbafffa) Importer(815301076,1909f56bfc062723c751e8b465ee728b)  -> (artifact id: 'ecf8761ade47fcfa53fb465cf7f5165e') in 0.231133 seconds
  Import took 0.238285 seconds .

========================================================================
Received Import Request.
  Time since last request: 9.391877 seconds.
  path: Assets/_Custom Data/Prefab/Page Variant 3.prefab
  artifactKey: Guid(c6a50083d06939547bd90eb08a9303cc) Importer(815301076,1909f56bfc062723c751e8b465ee728b)
Start importing Assets/_Custom Data/Prefab/Page Variant 3.prefab using Guid(c6a50083d06939547bd90eb08a9303cc) Importer(815301076,1909f56bfc062723c751e8b465ee728b)  -> (artifact id: 'fd6477eedf34dc65551f3f1c5c2675f3') in 0.084426 seconds
  Import took 0.089692 seconds .

========================================================================
Received Prepare
Registering precompiled user dll's ...
Registered in 0.002109 seconds.
Begin MonoManager ReloadAssembly
Native extension for WindowsStandalone target not found
Native extension for WebGL target not found
Refreshing native plugins compatible for Editor in 0.71 ms, found 1 plugins.
Preloading 0 native plugins for Editor in 0.00 ms.
Invoked RoslynAnalysisRunner static constructor.
RoslynAnalysisRunner will not be running.
RoslynAnalysisRunner has terminated.
Mono: successfully reloaded assembly
- Completed reload, in  2.531 seconds
Platform modules already initialized, skipping
Switching build target platform(5) subTarget(0) extendedPlatform(0) -> platform(13) subTarget(537395200) extendedPlatform(0)
Refreshing native plugins compatible for Editor in 0.70 ms, found 1 plugins.
Preloading 0 native plugins for Editor in 0.00 ms.
Unloading 2278 Unused Serialized files (Serialized files now loaded: 0)
System memory in use before: 102.8 MB.
System memory in use after: 103.1 MB.

Unloading 11 unused Assets to reduce memory usage. Loaded Objects now: 2807.
Total: 2.991400 ms (FindLiveObjects: 0.352500 ms CreateObjectMapping: 0.135900 ms MarkObjects: 2.461700 ms  DeleteObjects: 0.039500 ms)

AssetImportParameters requested are different than current active one (requested -> active):
  custom:graphics/normal-map-encoding: 01000000000000000000000000000000 -> 02000000000000000000000000000000
========================================================================
Received Import Request.
  Time since last request: 225.781174 seconds.
  path: Assets/_Custom Data/Fonts/marker_twins
  artifactKey: Guid(d7219eb45ae4fdf49bc00e41a138a395) Importer(815301076,1909f56bfc062723c751e8b465ee728b)
Start importing Assets/_Custom Data/Fonts/marker_twins using Guid(d7219eb45ae4fdf49bc00e41a138a395) Importer(815301076,1909f56bfc062723c751e8b465ee728b)  -> (artifact id: '0e0fc385e61f00e3957906be88d6849d') in 0.013158 seconds
  Import took 0.049637 seconds .

========================================================================
Received Import Request.
  Time since last request: 1.988163 seconds.
  path: Assets/_Custom Data/Fonts/marker_twins/TwinMarker.ttf
  artifactKey: Guid(a1efba6bc7378c349916ac9571e711ad) Importer(815301076,1909f56bfc062723c751e8b465ee728b)
Start importing Assets/_Custom Data/Fonts/marker_twins/TwinMarker.ttf using Guid(a1efba6bc7378c349916ac9571e711ad) Importer(815301076,1909f56bfc062723c751e8b465ee728b)  -> (artifact id: '09643e9619b1699b12d21cfc80dcf42c') in 0.115071 seconds
  Import took 0.120467 seconds .

========================================================================
Received Import Request.
  Time since last request: 28.186230 seconds.
  path: Assets/_Custom Data/Prefab/Page.prefab
  artifactKey: Guid(efbb76a3abdd0ca4ca3e220ae0f0044e) Importer(815301076,1909f56bfc062723c751e8b465ee728b)
Start importing Assets/_Custom Data/Prefab/Page.prefab using Guid(efbb76a3abdd0ca4ca3e220ae0f0044e) Importer(815301076,1909f56bfc062723c751e8b465ee728b)  -> (artifact id: '721e692f1401213f9ec049dbb1568221') in 0.157205 seconds
  Import took 0.163329 seconds .

========================================================================
Received Prepare
Registering precompiled user dll's ...
Registered in 0.002263 seconds.
Begin MonoManager ReloadAssembly
Native extension for WindowsStandalone target not found
Native extension for WebGL target not found
Refreshing native plugins compatible for Editor in 0.69 ms, found 1 plugins.
Preloading 0 native plugins for Editor in 0.00 ms.
Invoked RoslynAnalysisRunner static constructor.
RoslynAnalysisRunner will not be running.
RoslynAnalysisRunner has terminated.
Mono: successfully reloaded assembly
- Completed reload, in  2.715 seconds
Platform modules already initialized, skipping
Switching build target platform(5) subTarget(0) extendedPlatform(0) -> platform(13) subTarget(537395200) extendedPlatform(0)
Refreshing native plugins compatible for Editor in 0.72 ms, found 1 plugins.
Preloading 0 native plugins for Editor in 0.00 ms.
Unloading 2278 Unused Serialized files (Serialized files now loaded: 0)
System memory in use before: 103.3 MB.
System memory in use after: 103.5 MB.

Unloading 11 unused Assets to reduce memory usage. Loaded Objects now: 2848.
Total: 3.298700 ms (FindLiveObjects: 0.363200 ms CreateObjectMapping: 0.136600 ms MarkObjects: 2.760600 ms  DeleteObjects: 0.036200 ms)

AssetImportParameters requested are different than current active one (requested -> active):
  custom:graphics/normal-map-encoding: 01000000000000000000000000000000 -> 02000000000000000000000000000000
========================================================================
Received Prepare
Registering precompiled user dll's ...
Registered in 0.002141 seconds.
Begin MonoManager ReloadAssembly
Native extension for WindowsStandalone target not found
Native extension for WebGL target not found
Refreshing native plugins compatible for Editor in 0.71 ms, found 1 plugins.
Preloading 0 native plugins for Editor in 0.00 ms.
Invoked RoslynAnalysisRunner static constructor.
RoslynAnalysisRunner will not be running.
RoslynAnalysisRunner has terminated.
Mono: successfully reloaded assembly
- Completed reload, in  2.738 seconds
Platform modules already initialized, skipping
Switching build target platform(5) subTarget(0) extendedPlatform(0) -> platform(13) subTarget(537395200) extendedPlatform(0)
Refreshing native plugins compatible for Editor in 0.79 ms, found 1 plugins.
Preloading 0 native plugins for Editor in 0.00 ms.
Unloading 2278 Unused Serialized files (Serialized files now loaded: 0)
System memory in use before: 103.2 MB.
System memory in use after: 103.4 MB.

Unloading 10 unused Assets to reduce memory usage. Loaded Objects now: 2851.
Total: 3.100800 ms (FindLiveObjects: 0.345600 ms CreateObjectMapping: 0.137600 ms MarkObjects: 2.595100 ms  DeleteObjects: 0.020600 ms)

AssetImportParameters requested are different than current active one (requested -> active):
  custom:graphics/normal-map-encoding: 01000000000000000000000000000000 -> 02000000000000000000000000000000
========================================================================
Received Import Request.
  Time since last request: 107.590998 seconds.
  path: Assets/_Custom Data/Prefab/Page Variant 4.prefab
  artifactKey: Guid(9bf627192d5831444bc5e28d158ca47f) Importer(815301076,1909f56bfc062723c751e8b465ee728b)
Start importing Assets/_Custom Data/Prefab/Page Variant 4.prefab using Guid(9bf627192d5831444bc5e28d158ca47f) Importer(815301076,1909f56bfc062723c751e8b465ee728b)  -> (artifact id: '1749b0b9eb9bc184cd445d268f93ab80') in 0.172543 seconds
  Import took 0.190116 seconds .

========================================================================
Received Import Request.
  Time since last request: 0.976507 seconds.
  path: Assets/_Custom Data/Prefab/Page Variant 3.prefab
  artifactKey: Guid(c6a50083d06939547bd90eb08a9303cc) Importer(815301076,1909f56bfc062723c751e8b465ee728b)
Start importing Assets/_Custom Data/Prefab/Page Variant 3.prefab using Guid(c6a50083d06939547bd90eb08a9303cc) Importer(815301076,1909f56bfc062723c751e8b465ee728b)  -> (artifact id: 'd634034ed1b4bf4a0094c8ac0c8dcc1a') in 0.057849 seconds
  Import took 0.063235 seconds .

========================================================================
Received Prepare
Registering precompiled user dll's ...
Registered in 0.002620 seconds.
Begin MonoManager ReloadAssembly
Native extension for WindowsStandalone target not found
Native extension for WebGL target not found
Refreshing native plugins compatible for Editor in 0.73 ms, found 1 plugins.
Preloading 0 native plugins for Editor in 0.00 ms.
Invoked RoslynAnalysisRunner static constructor.
RoslynAnalysisRunner will not be running.
RoslynAnalysisRunner has terminated.
Mono: successfully reloaded assembly
- Completed reload, in  2.596 seconds
Platform modules already initialized, skipping
Switching build target platform(5) subTarget(0) extendedPlatform(0) -> platform(13) subTarget(537395200) extendedPlatform(0)
Refreshing native plugins compatible for Editor in 0.70 ms, found 1 plugins.
Preloading 0 native plugins for Editor in 0.00 ms.
Unloading 2278 Unused Serialized files (Serialized files now loaded: 0)
System memory in use before: 103.3 MB.
System memory in use after: 103.5 MB.

Unloading 11 unused Assets to reduce memory usage. Loaded Objects now: 2854.
Total: 3.518100 ms (FindLiveObjects: 0.608500 ms CreateObjectMapping: 0.147900 ms MarkObjects: 2.728000 ms  DeleteObjects: 0.031700 ms)

AssetImportParameters requested are different than current active one (requested -> active):
  custom:graphics/normal-map-encoding: 01000000000000000000000000000000 -> 02000000000000000000000000000000
========================================================================
Received Prepare
Registering precompiled user dll's ...
Registered in 0.002316 seconds.
Begin MonoManager ReloadAssembly
Native extension for WindowsStandalone target not found
Native extension for WebGL target not found
Refreshing native plugins compatible for Editor in 0.71 ms, found 1 plugins.
Preloading 0 native plugins for Editor in 0.00 ms.
Invoked RoslynAnalysisRunner static constructor.
RoslynAnalysisRunner will not be running.
RoslynAnalysisRunner has terminated.
Mono: successfully reloaded assembly
- Completed reload, in  2.768 seconds
Platform modules already initialized, skipping
Switching build target platform(5) subTarget(0) extendedPlatform(0) -> platform(13) subTarget(537395200) extendedPlatform(0)
Refreshing native plugins compatible for Editor in 0.73 ms, found 1 plugins.
Preloading 0 native plugins for Editor in 0.00 ms.
Unloading 2278 Unused Serialized files (Serialized files now loaded: 0)
System memory in use before: 103.3 MB.
System memory in use after: 103.5 MB.

Unloading 10 unused Assets to reduce memory usage. Loaded Objects now: 2857.
Total: 3.051200 ms (FindLiveObjects: 0.342600 ms CreateObjectMapping: 0.142300 ms MarkObjects: 2.541900 ms  DeleteObjects: 0.022500 ms)

AssetImportParameters requested are different than current active one (requested -> active):
  custom:graphics/normal-map-encoding: 01000000000000000000000000000000 -> 02000000000000000000000000000000
========================================================================
Received Prepare
Registering precompiled user dll's ...
Registered in 0.002946 seconds.
Begin MonoManager ReloadAssembly
Native extension for WindowsStandalone target not found
Native extension for WebGL target not found
Refreshing native plugins compatible for Editor in 0.70 ms, found 1 plugins.
Preloading 0 native plugins for Editor in 0.00 ms.
Invoked RoslynAnalysisRunner static constructor.
RoslynAnalysisRunner will not be running.
RoslynAnalysisRunner has terminated.
Mono: successfully reloaded assembly
- Completed reload, in  2.605 seconds
Platform modules already initialized, skipping
Switching build target platform(5) subTarget(0) extendedPlatform(0) -> platform(13) subTarget(537395200) extendedPlatform(0)
Refreshing native plugins compatible for Editor in 0.81 ms, found 1 plugins.
Preloading 0 native plugins for Editor in 0.00 ms.
Unloading 2278 Unused Serialized files (Serialized files now loaded: 0)
System memory in use before: 103.3 MB.
System memory in use after: 103.6 MB.

Unloading 10 unused Assets to reduce memory usage. Loaded Objects now: 2860.
Total: 3.285300 ms (FindLiveObjects: 0.708700 ms CreateObjectMapping: 0.158300 ms MarkObjects: 2.391000 ms  DeleteObjects: 0.025100 ms)

AssetImportParameters requested are different than current active one (requested -> active):
  custom:graphics/normal-map-encoding: 01000000000000000000000000000000 -> 02000000000000000000000000000000
========================================================================
Received Prepare
Registering precompiled user dll's ...
Registered in 0.002685 seconds.
Begin MonoManager ReloadAssembly
Native extension for WindowsStandalone target not found
Native extension for WebGL target not found
Refreshing native plugins compatible for Editor in 0.72 ms, found 1 plugins.
Preloading 0 native plugins for Editor in 0.00 ms.
Invoked RoslynAnalysisRunner static constructor.
RoslynAnalysisRunner will not be running.
RoslynAnalysisRunner has terminated.
Mono: successfully reloaded assembly
- Completed reload, in  2.661 seconds
Platform modules already initialized, skipping
Switching build target platform(5) subTarget(0) extendedPlatform(0) -> platform(13) subTarget(537395200) extendedPlatform(0)
Refreshing native plugins compatible for Editor in 0.70 ms, found 1 plugins.
Preloading 0 native plugins for Editor in 0.00 ms.
Unloading 2278 Unused Serialized files (Serialized files now loaded: 0)
System memory in use before: 103.3 MB.
System memory in use after: 103.6 MB.

Unloading 10 unused Assets to reduce memory usage. Loaded Objects now: 2863.
Total: 2.920900 ms (FindLiveObjects: 0.348100 ms CreateObjectMapping: 0.132600 ms MarkObjects: 2.410200 ms  DeleteObjects: 0.027900 ms)

AssetImportParameters requested are different than current active one (requested -> active):
  custom:graphics/normal-map-encoding: 01000000000000000000000000000000 -> 02000000000000000000000000000000
========================================================================
Received Prepare
Refreshing native plugins compatible for Editor in 2.67 ms, found 1 plugins.
Preloading 0 native plugins for Editor in 0.00 ms.
Unloading 7 Unused Serialized files (Serialized files now loaded: 0)
System memory in use before: 58.9 MB.
System memory in use after: 59.1 MB.

Unloading 7 unused Assets to reduce memory usage. Loaded Objects now: 2863.
Total: 3.626200 ms (FindLiveObjects: 0.365700 ms CreateObjectMapping: 0.138000 ms MarkObjects: 3.098000 ms  DeleteObjects: 0.022400 ms)

